app/build/intermediates/manifest_merge_blame_file/debug/manifest-merger-blame-debug-report.txt
1<?xml version="1.0" encoding="utf-8"?>
2<manifest xmlns:android="http://schemas.android.com/apk/res/android"
3    package="com.geo.kronos"
4    android:versionCode="1"
5    android:versionName="1.0" >
6
7    <uses-sdk
8        android:minSdkVersion="16"
8-->src\main\AndroidManifest.xml
9        android:targetSdkVersion="29" />
9-->src\main\AndroidManifest.xml
10
11    <uses-permission android:name="android.permission.INTERNET" />
11-->src\main\AndroidManifest.xml:5:5-67
11-->src\main\AndroidManifest.xml:5:22-64
12    <uses-permission android:name="android.permission.ACCESS_NETWORK_STATE" />
12-->[com.google.android.gms:play-services-measurement-api:17.2.0] AndroidManifest.xml:23:5-79
12-->[com.google.android.gms:play-services-measurement-api:17.2.0] AndroidManifest.xml:23:22-76
13    <uses-permission android:name="android.permission.WAKE_LOCK" /> <!-- Required by older versions of Google Play services to create IID tokens -->
13-->[com.google.android.gms:play-services-measurement-api:17.2.0] AndroidManifest.xml:24:5-68
13-->[com.google.android.gms:play-services-measurement-api:17.2.0] AndroidManifest.xml:24:22-65
14    <uses-permission android:name="com.google.android.c2dm.permission.RECEIVE" />
14-->[com.google.firebase:firebase-iid:19.0.0] AndroidManifest.xml:26:5-82
14-->[com.google.firebase:firebase-iid:19.0.0] AndroidManifest.xml:26:22-79
15    <uses-permission android:name="com.google.android.finsky.permission.BIND_GET_INSTALL_REFERRER_SERVICE" />
15-->[com.google.android.gms:play-services-measurement:17.2.0] AndroidManifest.xml:26:5-110
15-->[com.google.android.gms:play-services-measurement:17.2.0] AndroidManifest.xml:26:22-107
16
17    <application
17-->src\main\AndroidManifest.xml:7:5-29:19
18        android:allowBackup="true"
18-->src\main\AndroidManifest.xml:8:9-35
19        android:appComponentFactory="androidx.core.app.CoreComponentFactory"
19-->[androidx.core:core:1.1.0] AndroidManifest.xml:24:18-86
20        android:debuggable="true"
21        android:icon="@mipmap/ic_launcher"
21-->src\main\AndroidManifest.xml:9:9-43
22        android:label="@string/app_name"
22-->src\main\AndroidManifest.xml:10:9-41
23        android:roundIcon="@mipmap/ic_launcher_round"
23-->src\main\AndroidManifest.xml:11:9-54
24        android:supportsRtl="true"
24-->src\main\AndroidManifest.xml:12:9-35
25        android:testOnly="true"
26        android:theme="@style/AppTheme" >
26-->src\main\AndroidManifest.xml:13:9-40
27        <activity android:name="com.geo.kronos.MenuCursos" />
27-->src\main\AndroidManifest.xml:16:9-48
27-->src\main\AndroidManifest.xml:16:19-45
28        <activity
28-->src\main\AndroidManifest.xml:18:9-21:59
29            android:name="com.geo.kronos.AgregarCursos"
29-->src\main\AndroidManifest.xml:19:13-42
30            android:label="@string/title_activity_agregar_cursos"
30-->src\main\AndroidManifest.xml:20:13-66
31            android:theme="@style/AppTheme.NoActionBar" />
31-->src\main\AndroidManifest.xml:21:13-56
32        <activity android:name="com.geo.kronos.MainActivity" >
32-->src\main\AndroidManifest.xml:22:9-28:20
32-->src\main\AndroidManifest.xml:22:19-47
33            <intent-filter>
33-->src\main\AndroidManifest.xml:23:13-27:29
34                <action android:name="android.intent.action.MAIN" />
34-->src\main\AndroidManifest.xml:24:17-69
34-->src\main\AndroidManifest.xml:24:25-66
35
36                <category android:name="android.intent.category.LAUNCHER" />
36-->src\main\AndroidManifest.xml:26:17-77
36-->src\main\AndroidManifest.xml:26:27-74
37            </intent-filter>
38        </activity>
39        <activity
39-->[com.google.firebase:firebase-auth:19.1.0] AndroidManifest.xml:24:9-31:50
40            android:name="com.google.firebase.auth.internal.FederatedSignInActivity"
40-->[com.google.firebase:firebase-auth:19.1.0] AndroidManifest.xml:25:13-85
41            android:excludeFromRecents="true"
41-->[com.google.firebase:firebase-auth:19.1.0] AndroidManifest.xml:26:13-46
42            android:exported="true"
42-->[com.google.firebase:firebase-auth:19.1.0] AndroidManifest.xml:27:13-36
43            android:launchMode="singleTask"
43-->[com.google.firebase:firebase-auth:19.1.0] AndroidManifest.xml:28:13-44
44            android:permission="com.google.firebase.auth.api.gms.permission.LAUNCH_FEDERATED_SIGN_IN"
44-->[com.google.firebase:firebase-auth:19.1.0] AndroidManifest.xml:29:13-102
45            android:theme="@android:style/Theme.Translucent.NoTitleBar" />
45-->[com.google.firebase:firebase-auth:19.1.0] AndroidManifest.xml:30:13-72
46
47        <service
47-->[com.google.firebase:firebase-auth:19.1.0] AndroidManifest.xml:33:9-39:19
48            android:name="com.google.firebase.components.ComponentDiscoveryService"
48-->[com.google.firebase:firebase-auth:19.1.0] AndroidManifest.xml:34:13-84
49            android:exported="false" >
49-->[com.google.firebase:firebase-auth:19.1.0] AndroidManifest.xml:35:13-37
50            <meta-data
50-->[com.google.firebase:firebase-auth:19.1.0] AndroidManifest.xml:36:13-38:85
51                android:name="com.google.firebase.components:com.google.firebase.auth.FirebaseAuthRegistrar"
51-->[com.google.firebase:firebase-auth:19.1.0] AndroidManifest.xml:37:17-109
52                android:value="com.google.firebase.components.ComponentRegistrar" />
52-->[com.google.firebase:firebase-auth:19.1.0] AndroidManifest.xml:38:17-82
53            <meta-data
53-->[com.google.android.gms:play-services-measurement-api:17.2.0] AndroidManifest.xml:30:13-32:85
54                android:name="com.google.firebase.components:com.google.firebase.analytics.connector.internal.AnalyticsConnectorRegistrar"
54-->[com.google.android.gms:play-services-measurement-api:17.2.0] AndroidManifest.xml:31:17-139
55                android:value="com.google.firebase.components.ComponentRegistrar" />
55-->[com.google.android.gms:play-services-measurement-api:17.2.0] AndroidManifest.xml:32:17-82
56            <meta-data
56-->[com.google.firebase:firebase-iid:19.0.0] AndroidManifest.xml:32:13-34:85
57                android:name="com.google.firebase.components:com.google.firebase.iid.Registrar"
57-->[com.google.firebase:firebase-iid:19.0.0] AndroidManifest.xml:33:17-96
58                android:value="com.google.firebase.components.ComponentRegistrar" />
58-->[com.google.firebase:firebase-iid:19.0.0] AndroidManifest.xml:34:17-82
59        </service>
60
61        <receiver
61-->[com.google.firebase:firebase-iid:19.0.0] AndroidManifest.xml:37:9-44:20
62            android:name="com.google.firebase.iid.FirebaseInstanceIdReceiver"
62-->[com.google.firebase:firebase-iid:19.0.0] AndroidManifest.xml:38:13-78
63            android:exported="true"
63-->[com.google.firebase:firebase-iid:19.0.0] AndroidManifest.xml:39:13-36
64            android:permission="com.google.android.c2dm.permission.SEND" >
64-->[com.google.firebase:firebase-iid:19.0.0] AndroidManifest.xml:40:13-73
65            <intent-filter>
65-->[com.google.firebase:firebase-iid:19.0.0] AndroidManifest.xml:41:13-43:29
66                <action android:name="com.google.android.c2dm.intent.RECEIVE" />
66-->[com.google.firebase:firebase-iid:19.0.0] AndroidManifest.xml:42:17-81
66-->[com.google.firebase:firebase-iid:19.0.0] AndroidManifest.xml:42:25-78
67            </intent-filter>
68        </receiver>
69
70        <activity
70-->[com.google.android.gms:play-services-base:17.1.0] AndroidManifest.xml:23:9-26:75
71            android:name="com.google.android.gms.common.api.GoogleApiActivity"
71-->[com.google.android.gms:play-services-base:17.1.0] AndroidManifest.xml:24:13-79
72            android:exported="false"
72-->[com.google.android.gms:play-services-base:17.1.0] AndroidManifest.xml:25:13-37
73            android:theme="@android:style/Theme.Translucent.NoTitleBar" />
73-->[com.google.android.gms:play-services-base:17.1.0] AndroidManifest.xml:26:13-72
74
75        <provider
75-->[com.google.firebase:firebase-common:19.0.0] AndroidManifest.xml:12:9-16:39
76            android:name="com.google.firebase.provider.FirebaseInitProvider"
76-->[com.google.firebase:firebase-common:19.0.0] AndroidManifest.xml:13:13-77
77            android:authorities="com.geo.kronos.firebaseinitprovider"
77-->[com.google.firebase:firebase-common:19.0.0] AndroidManifest.xml:14:13-72
78            android:exported="false"
78-->[com.google.firebase:firebase-common:19.0.0] AndroidManifest.xml:15:13-37
79            android:initOrder="100" />
79-->[com.google.firebase:firebase-common:19.0.0] AndroidManifest.xml:16:13-36
80
81        <receiver
81-->[com.google.android.gms:play-services-measurement:17.2.0] AndroidManifest.xml:29:9-33:20
82            android:name="com.google.android.gms.measurement.AppMeasurementReceiver"
82-->[com.google.android.gms:play-services-measurement:17.2.0] AndroidManifest.xml:30:13-85
83            android:enabled="true"
83-->[com.google.android.gms:play-services-measurement:17.2.0] AndroidManifest.xml:31:13-35
84            android:exported="false" >
84-->[com.google.android.gms:play-services-measurement:17.2.0] AndroidManifest.xml:32:13-37
85        </receiver>
86        <receiver
86-->[com.google.android.gms:play-services-measurement:17.2.0] AndroidManifest.xml:34:9-42:20
87            android:name="com.google.android.gms.measurement.AppMeasurementInstallReferrerReceiver"
87-->[com.google.android.gms:play-services-measurement:17.2.0] AndroidManifest.xml:35:13-100
88            android:enabled="true"
88-->[com.google.android.gms:play-services-measurement:17.2.0] AndroidManifest.xml:36:13-35
89            android:exported="true"
89-->[com.google.android.gms:play-services-measurement:17.2.0] AndroidManifest.xml:37:13-36
90            android:permission="android.permission.INSTALL_PACKAGES" >
90-->[com.google.android.gms:play-services-measurement:17.2.0] AndroidManifest.xml:38:13-69
91            <intent-filter>
91-->[com.google.android.gms:play-services-measurement:17.2.0] AndroidManifest.xml:39:13-41:29
92                <action android:name="com.android.vending.INSTALL_REFERRER" />
92-->[com.google.android.gms:play-services-measurement:17.2.0] AndroidManifest.xml:40:17-79
92-->[com.google.android.gms:play-services-measurement:17.2.0] AndroidManifest.xml:40:25-76
93            </intent-filter>
94        </receiver>
95
96        <service
96-->[com.google.android.gms:play-services-measurement:17.2.0] AndroidManifest.xml:44:9-47:40
97            android:name="com.google.android.gms.measurement.AppMeasurementService"
97-->[com.google.android.gms:play-services-measurement:17.2.0] AndroidManifest.xml:45:13-84
98            android:enabled="true"
98-->[com.google.android.gms:play-services-measurement:17.2.0] AndroidManifest.xml:46:13-35
99            android:exported="false" />
99-->[com.google.android.gms:play-services-measurement:17.2.0] AndroidManifest.xml:47:13-37
100        <service
100-->[com.google.android.gms:play-services-measurement:17.2.0] AndroidManifest.xml:48:9-52:72
101            android:name="com.google.android.gms.measurement.AppMeasurementJobService"
101-->[com.google.android.gms:play-services-measurement:17.2.0] AndroidManifest.xml:49:13-87
102            android:enabled="true"
102-->[com.google.android.gms:play-services-measurement:17.2.0] AndroidManifest.xml:50:13-35
103            android:exported="false"
103-->[com.google.android.gms:play-services-measurement:17.2.0] AndroidManifest.xml:51:13-37
104            android:permission="android.permission.BIND_JOB_SERVICE" />
104-->[com.google.android.gms:play-services-measurement:17.2.0] AndroidManifest.xml:52:13-69
105
106        <meta-data
106-->[com.google.android.gms:play-services-basement:17.0.0] AndroidManifest.xml:23:9-25:69
107            android:name="com.google.android.gms.version"
107-->[com.google.android.gms:play-services-basement:17.0.0] AndroidManifest.xml:24:13-58
108            android:value="@integer/google_play_services_version" />
108-->[com.google.android.gms:play-services-basement:17.0.0] AndroidManifest.xml:25:13-66
109    </application>
110
111</manifest>